<?xml version="1.0" encoding="UTF-8"?>
<!-- Generated by org.testng.reporters.JUnitXMLReporter -->
<testsuite ignored="2" hostname="Muammer-MacBook-Pro.local" failures="0" tests="4" name="Application Test" time="0.062" errors="0" timestamp="17 Apr 2018 18:52:48 GMT">
  <testcase classname="testclasses.TestNGAnnotation1" name="testMethod1" time="0.007"/>
  <testcase classname="testclasses.TestNGAnnotation1" name="testMethod2" time="0.004"/>
  <testcase classname="testclasses.TestNGAnnotation2" name="testMethod1" time="0.002"/>
  <testcase classname="testclasses.TestNGAnnotation2" name="testMethod2" time="0.001"/>
  <testcase classname="beforeAfterSuite.beforeAfterSuite" name="@BeforeSuite beforeSuite" time="0.0">
    <ignored/>
  </testcase> <!-- @BeforeSuite beforeSuite -->
  <testcase classname="beforeAfterSuite.beforeAfterSuite" name="@AfterSuite afterSuite" time="0.0">
    <ignored/>
  </testcase> <!-- @AfterSuite afterSuite -->
</testsuite> <!-- Application Test -->
