<?xml version="1.0" encoding="UTF-8"?>
<!-- Generated by org.testng.reporters.JUnitXMLReporter -->
<testsuite ignored="0" hostname="Muammer-MacBook-Pro.local" failures="0" tests="3" name="Default test" time="0.085" errors="0" timestamp="18 Apr 2018 18:27:03 GMT">
  <testcase classname="testclasses.TestNGDataProviders" name="testMethod1" time="0.013"/>
  <testcase classname="testclasses.TestNGDataProviders" name="testMethod1" time="0.006"/>
  <testcase classname="testclasses.TestNGDataProviders" name="testMethod1" time="0.006"/>
</testsuite> <!-- Default test -->
