<?xml version="1.0" encoding="UTF-8"?>
<!-- Generated by org.testng.reporters.JUnitXMLReporter -->
<testsuite ignored="2" hostname="Muammer-MacBook-Pro.local" failures="0" tests="2" name="Application Test" time="0.071" errors="0" timestamp="17 Apr 2018 19:39:31 GMT">
  <testcase classname="testclasses.TestNG_Grouping" name="testAudiA6" time="0.008"/>
  <testcase classname="testclasses.TestNG_Grouping" name="testBMWX6" time="0.002"/>
  <testcase classname="testclasses.TestNG_Grouping" name="testNinja" time="0.0">
    <ignored/>
  </testcase> <!-- testNinja -->
  <testcase classname="testclasses.TestNG_Grouping" name="testHondaCBR" time="0.0">
    <ignored/>
  </testcase> <!-- testHondaCBR -->
</testsuite> <!-- Application Test -->
