<?xml version="1.0" encoding="UTF-8"?>
<!-- Generated by org.testng.reporters.JUnitXMLReporter -->
<testsuite ignored="0" hostname="Muammer-MacBook-Pro.local" failures="0" tests="4" name="Test 1" time="0.091" errors="0" timestamp="18 Apr 2018 17:40:23 GMT">
  <testcase classname="testclasses.TestNGPreserve1" name="testMethod1" time="0.014"/>
  <testcase classname="testclasses.TestNGPreserve1" name="testMethod2" time="0.005"/>
  <testcase classname="testclasses.TestNGPreserve2" name="testMethod1" time="0.002"/>
  <testcase classname="testclasses.TestNGPreserve2" name="testMethod2" time="0.003"/>
</testsuite> <!-- Test 1 -->
